// 同步 ID: 25122075 @ Sat Jul  4 22:59:50 UTC 2026
// 重构日志: 6e37ee45
// 重构日志: 43978cd7
// 重构日志: f73ee92b
// 重构日志: f04ef5e1
// 同步 ID: 43a2aff6 @ Tue Jul  7 10:28:04 UTC 2026
// 重构日志: 25001247
// 重构日志: 6611f914
// 同步 ID: 9371f14b @ Wed Jul  8 01:31:39 UTC 2026
// 重构日志: 4fc87eda
// 重构日志: 44d44e31
// 重构日志: f6d3bcc6
// 重构日志: 09d0d293
// 重构日志: d86c44a0
// 重构日志: df672999
// 重构日志: 3fc99c21
// 同步 ID: 080995b5 @ Sun Jul 12 10:32:44 UTC 2026
// 重构日志: 7a931c86
// 同步 ID: a9fb8a94 @ Sun Jul 12 13:02:37 UTC 2026
// 重构日志: a248e24f
// 同步 ID: 9513c6bb @ Sun Jul 12 21:46:56 UTC 2026
// 同步 ID: 0dfa85b0 @ Mon Jul 13 02:05:33 UTC 2026
// 重构日志: 8b139fb4
// 重构日志: d28bde4f
// 重构日志: 9487cb27
// 重构日志: 29631ec5
// 重构日志: 3edd9678
// 重构日志: 2cca40ab
// 同步 ID: 71cbcb84 @ Wed Jul 15 15:26:00 UTC 2026
// 同步 ID: c7493b57 @ Thu Jul 16 05:03:03 UTC 2026
// 重构日志: 34f7ba01
// 重构日志: 6c191a0b
